<?xml version="1.0" encoding="UTF-8"?>
<testsuite xmlns:xsi="http://www.w3.org/2001/XMLSchema-instance" xsi:noNamespaceSchemaLocation="https://maven.apache.org/surefire/maven-surefire-plugin/xsd/surefire-test-report.xsd" name="com.dht.service.ProductTester" time="0.398" tests="4" errors="0" skipped="0" failures="1">
  <properties>
[...]
</properties>
  <testcase name="testException" classname="com.dht.service.ProductTester" time="0.02"/>
  <testcase name="testTimeout" classname="com.dht.service.ProductTester" time="0.035">
    <failure message="execution timed out after 1 ms" type="org.opentest4j.AssertionFailedError">org.opentest4j.AssertionFailedError: execution timed out after 1 ms
	at com.dht.saleapp/com.dht.service.ProductTester.testTimeout(ProductTester.java:83)
Caused by: org.junit.jupiter.api.AssertTimeout$ExecutionTimeoutException: Execution timed out in thread junit-timeout-thread-1
	at app/com.dht.saleapp/com.dht.service.ProductTester.lambda$testTimeout$2(ProductTester.java:85)
</failure>
  </testcase>
  <testcase name="testWithKeyWord" classname="com.dht.service.ProductTester" time="0.005"/>
  <testcase name="testWithUnknownKeyWord" classname="com.dht.service.ProductTester" time="0.001"/>
</testsuite>