<?xml version="1.0" encoding="UTF-8"?>
<testsuite xmlns:xsi="http://www.w3.org/2001/XMLSchema-instance" xsi:noNamespaceSchemaLocation="https://maven.apache.org/surefire/maven-surefire-plugin/xsd/surefire-test-report.xsd" name="com.dht.service.ProductTester" time="1.527" tests="10" errors="0" skipped="0" failures="0">
  <properties>
[...]
</properties>
  <testcase name="testException" classname="com.dht.service.ProductTester" time="0.01"/>
  <testcase name="testTimeout" classname="com.dht.service.ProductTester" time="0.022"/>
  <testcase name="tesAddProductWithNameNull" classname="com.dht.service.ProductTester" time="0.531"/>
  <testcase name="tesAddProductWithInvalidCate" classname="com.dht.service.ProductTester" time="0.021"/>
  <testcase name="tesAddProduct" classname="com.dht.service.ProductTester" time="0"/>
  <testcase name="testWithKeyWord" classname="com.dht.service.ProductTester" time="0"/>
  <testcase name="tesAddProductParams{String, BigDecimal, int, boolean}[1]" classname="com.dht.service.ProductTester" time="0"/>
  <testcase name="tesAddProductParams{String, BigDecimal, int, boolean}[2]" classname="com.dht.service.ProductTester" time="0.525"/>
  <testcase name="tesAddProductParams{String, BigDecimal, int, boolean}[3]" classname="com.dht.service.ProductTester" time="0.062"/>
  <testcase name="testWithUnknownKeyWord" classname="com.dht.service.ProductTester" time="0"/>
</testsuite>